0 info it worked if it ends with ok
1 verbose cli [ 'C:\\nodejs\\node.exe',
1 verbose cli   'C:\\nodejs\\node_modules\\npm\\bin\\npm-cli.js',
1 verbose cli   'install',
1 verbose cli   'sleep' ]
2 info using npm@2.14.12
3 info using node@v4.3.1
4 verbose install initial load of C:\quiz\package.json
5 warn package.json quiz@1.0.0 No repository field.
6 verbose installManyTop reading scoped package data from C:\quiz\node_modules\app\package.json
7 verbose installManyTop reading scoped package data from C:\quiz\node_modules\express\package.json
8 verbose installManyTop reading scoped package data from C:\quiz\node_modules\http\package.json
9 verbose installManyTop reading scoped package data from C:\quiz\node_modules\path\package.json
10 verbose installManyTop reading scoped package data from C:\quiz\node_modules\socket.io\package.json
11 verbose installManyTop reading scoped package data from C:\quiz\node_modules\unirest\package.json
12 info package.json app@0.1.0 No license field.
13 info package.json http@0.0.0 http is also the name of a node core module.
14 info package.json http@0.0.0 No description
15 info package.json http@0.0.0 No repository field.
16 info package.json http@0.0.0 No README data
17 info package.json path@0.12.7 path is also the name of a node core module.
18 verbose readDependencies loading dependencies from C:\quiz\package.json
19 silly cache add args [ 'sleep', null ]
20 verbose cache add spec sleep
21 silly cache add parsed spec Result {
21 silly cache add   raw: 'sleep',
21 silly cache add   scope: null,
21 silly cache add   name: 'sleep',
21 silly cache add   rawSpec: '',
21 silly cache add   spec: 'latest',
21 silly cache add   type: 'tag' }
22 silly addNamed sleep@latest
23 verbose addNamed "latest" is being treated as a dist-tag for sleep
24 info addNameTag [ 'sleep', 'latest' ]
25 silly mapToRegistry name sleep
26 silly mapToRegistry using default registry
27 silly mapToRegistry registry https://registry.npmjs.org/
28 silly mapToRegistry uri https://registry.npmjs.org/sleep
29 verbose addNameTag registry:https://registry.npmjs.org/sleep not in flight; fetching
30 verbose request uri https://registry.npmjs.org/sleep
31 verbose request no auth needed
32 info attempt registry request try #1 at 6:55:03 PM
33 verbose request id 34b76290802f79e3
34 verbose etag "CXYY4X07ASNATJDUNTD4Y2ON0"
35 http request GET https://registry.npmjs.org/sleep
36 http 304 https://registry.npmjs.org/sleep
37 verbose headers { date: 'Fri, 26 Feb 2016 16:55:14 GMT',
37 verbose headers   via: '1.1 varnish',
37 verbose headers   'cache-control': 'max-age=300',
37 verbose headers   etag: '"CXYY4X07ASNATJDUNTD4Y2ON0"',
37 verbose headers   age: '0',
37 verbose headers   connection: 'keep-alive',
37 verbose headers   'x-served-by': 'cache-fra1226-FRA',
37 verbose headers   'x-cache': 'HIT',
37 verbose headers   'x-cache-hits': '1',
37 verbose headers   'x-timer': 'S1456505714.400672,VS0,VE103',
37 verbose headers   vary: 'Accept' }
38 silly get cb [ 304,
38 silly get   { date: 'Fri, 26 Feb 2016 16:55:14 GMT',
38 silly get     via: '1.1 varnish',
38 silly get     'cache-control': 'max-age=300',
38 silly get     etag: '"CXYY4X07ASNATJDUNTD4Y2ON0"',
38 silly get     age: '0',
38 silly get     connection: 'keep-alive',
38 silly get     'x-served-by': 'cache-fra1226-FRA',
38 silly get     'x-cache': 'HIT',
38 silly get     'x-cache-hits': '1',
38 silly get     'x-timer': 'S1456505714.400672,VS0,VE103',
38 silly get     vary: 'Accept' } ]
39 verbose etag https://registry.npmjs.org/sleep from cache
40 verbose get saving sleep to C:\Users\Schmillen\AppData\Roaming\npm-cache\registry.npmjs.org\sleep\.cache.json
41 silly addNameTag next cb for sleep with tag latest
42 silly addNamed sleep@3.0.1
43 verbose addNamed "3.0.1" is a plain semver version for sleep
44 silly cache afterAdd sleep@3.0.1
45 verbose afterAdd C:\Users\Schmillen\AppData\Roaming\npm-cache\sleep\3.0.1\package\package.json not in flight; writing
46 verbose afterAdd C:\Users\Schmillen\AppData\Roaming\npm-cache\sleep\3.0.1\package\package.json written
47 silly install resolved [ { name: 'sleep',
47 silly install resolved     version: '3.0.1',
47 silly install resolved     main: 'index.js',
47 silly install resolved     description: 'Add sleep() and usleep() to nodejs',
47 silly install resolved     homepage: 'http://github.com/ErikDubbelboer/node-sleep',
47 silly install resolved     author: { name: 'Erik Dubbelboer', email: 'erik@dubbelboer.com' },
47 silly install resolved     license: 'MIT',
47 silly install resolved     engines: { node: '>=0.4.0' },
47 silly install resolved     keywords: [ 'sleep', 'usleep' ],
47 silly install resolved     repository:
47 silly install resolved      { type: 'git',
47 silly install resolved        url: 'git+https://github.com/ErikDubbelboer/node-sleep.git' },
47 silly install resolved     dependencies: { nan: '>=2.0.0' },
47 silly install resolved     gypfile: true,
47 silly install resolved     scripts: { install: 'node-gyp rebuild' },
47 silly install resolved     gitHead: 'd4824c0466f893d0142c6715acd36c47bf87fac9',
47 silly install resolved     bugs: { url: 'https://github.com/ErikDubbelboer/node-sleep/issues' },
47 silly install resolved     _id: 'sleep@3.0.1',
47 silly install resolved     _shasum: 'be4d17c579360e07e04ed8172ba2b10a69054df3',
47 silly install resolved     _from: 'sleep@latest',
47 silly install resolved     _npmVersion: '2.14.12',
47 silly install resolved     _nodeVersion: '4.2.4',
47 silly install resolved     _npmUser: { name: 'erikdubbelboer', email: 'erik@dubbelboer.com' },
47 silly install resolved     maintainers: [ [Object] ],
47 silly install resolved     dist:
47 silly install resolved      { shasum: 'be4d17c579360e07e04ed8172ba2b10a69054df3',
47 silly install resolved        tarball: 'http://registry.npmjs.org/sleep/-/sleep-3.0.1.tgz' },
47 silly install resolved     _npmOperationalInternal:
47 silly install resolved      { host: 'packages-6-west.internal.npmjs.com',
47 silly install resolved        tmp: 'tmp/sleep-3.0.1.tgz_1454489151975_0.026494406163692474' },
47 silly install resolved     directories: {},
47 silly install resolved     _resolved: 'https://registry.npmjs.org/sleep/-/sleep-3.0.1.tgz',
47 silly install resolved     readme: 'ERROR: No README data found!' } ]
48 info install sleep@3.0.1 into C:\quiz
49 info installOne sleep@3.0.1
50 verbose installOne of sleep to C:\quiz not in flight; installing
51 verbose lock using C:\Users\Schmillen\AppData\Roaming\npm-cache\_locks\sleep-8d97569fe03292d3.lock for C:\quiz\node_modules\sleep
52 silly install write writing sleep 3.0.1 to C:\quiz\node_modules\sleep
53 verbose unbuild node_modules\sleep
54 silly gentlyRm C:\quiz\node_modules\sleep is being purged from base C:\quiz
55 verbose gentlyRm don't care about contents; nuking C:\quiz\node_modules\sleep
56 verbose tar unpack C:\Users\Schmillen\AppData\Roaming\npm-cache\sleep\3.0.1\package.tgz
57 verbose tar unpacking to C:\quiz\node_modules\sleep
58 silly gentlyRm C:\quiz\node_modules\sleep is being purged
59 verbose gentlyRm don't care about contents; nuking C:\quiz\node_modules\sleep
60 silly gunzTarPerm modes [ '777', '666' ]
61 silly gunzTarPerm extractEntry package.json
62 silly gunzTarPerm modified mode [ 'package.json', 436, 438 ]
63 silly gunzTarPerm extractEntry .npmignore
64 silly gunzTarPerm modified mode [ '.npmignore', 436, 438 ]
65 silly gunzTarPerm extractEntry README.md
66 silly gunzTarPerm modified mode [ 'README.md', 436, 438 ]
67 silly gunzTarPerm extractEntry index.js
68 silly gunzTarPerm modified mode [ 'index.js', 436, 438 ]
69 silly gunzTarPerm extractEntry test.js
70 silly gunzTarPerm modified mode [ 'test.js', 436, 438 ]
71 silly gunzTarPerm extractEntry LICENSE.txt
72 silly gunzTarPerm modified mode [ 'LICENSE.txt', 436, 438 ]
73 silly gunzTarPerm extractEntry binding.gyp
74 silly gunzTarPerm modified mode [ 'binding.gyp', 436, 438 ]
75 silly gunzTarPerm extractEntry sleep.cc
76 silly gunzTarPerm modified mode [ 'sleep.cc', 436, 438 ]
77 verbose write writing to C:\quiz\node_modules\sleep\package.json
78 info preinstall sleep@3.0.1
79 verbose readDependencies loading dependencies from C:\quiz\node_modules\sleep\package.json
80 silly prepareForInstallMany adding nan@>=2.0.0 from sleep dependencies
81 verbose readDependencies loading dependencies from C:\quiz\node_modules\sleep\package.json
82 silly cache add args [ 'nan@>=2.0.0', null ]
83 verbose cache add spec nan@>=2.0.0
84 silly cache add parsed spec Result {
84 silly cache add   raw: 'nan@>=2.0.0',
84 silly cache add   scope: null,
84 silly cache add   name: 'nan',
84 silly cache add   rawSpec: '>=2.0.0',
84 silly cache add   spec: '>=2.0.0',
84 silly cache add   type: 'range' }
85 silly addNamed nan@>=2.0.0
86 verbose addNamed ">=2.0.0" is a valid semver range for nan
87 silly addNameRange { name: 'nan', range: '>=2.0.0', hasData: false }
88 silly mapToRegistry name nan
89 silly mapToRegistry using default registry
90 silly mapToRegistry registry https://registry.npmjs.org/
91 silly mapToRegistry uri https://registry.npmjs.org/nan
92 verbose addNameRange registry:https://registry.npmjs.org/nan not in flight; fetching
93 verbose request uri https://registry.npmjs.org/nan
94 verbose request no auth needed
95 info attempt registry request try #1 at 6:55:03 PM
96 verbose etag "BAVERG4EG5W3XHF012VJBMBOB"
97 http request GET https://registry.npmjs.org/nan
98 http 304 https://registry.npmjs.org/nan
99 verbose headers { date: 'Fri, 26 Feb 2016 16:55:14 GMT',
99 verbose headers   via: '1.1 varnish',
99 verbose headers   'cache-control': 'max-age=300',
99 verbose headers   etag: '"BAVERG4EG5W3XHF012VJBMBOB"',
99 verbose headers   age: '85',
99 verbose headers   connection: 'keep-alive',
99 verbose headers   'x-served-by': 'cache-fra1232-FRA',
99 verbose headers   'x-cache': 'HIT',
99 verbose headers   'x-cache-hits': '5',
99 verbose headers   'x-timer': 'S1456505714.843136,VS0,VE0',
99 verbose headers   vary: 'Accept' }
100 silly get cb [ 304,
100 silly get   { date: 'Fri, 26 Feb 2016 16:55:14 GMT',
100 silly get     via: '1.1 varnish',
100 silly get     'cache-control': 'max-age=300',
100 silly get     etag: '"BAVERG4EG5W3XHF012VJBMBOB"',
100 silly get     age: '85',
100 silly get     connection: 'keep-alive',
100 silly get     'x-served-by': 'cache-fra1232-FRA',
100 silly get     'x-cache': 'HIT',
100 silly get     'x-cache-hits': '5',
100 silly get     'x-timer': 'S1456505714.843136,VS0,VE0',
100 silly get     vary: 'Accept' } ]
101 verbose etag https://registry.npmjs.org/nan from cache
102 verbose get saving nan to C:\Users\Schmillen\AppData\Roaming\npm-cache\registry.npmjs.org\nan\.cache.json
103 silly addNameRange number 2 { name: 'nan', range: '>=2.0.0', hasData: true }
104 silly addNameRange versions [ 'nan',
104 silly addNameRange   [ '0.3.0-wip',
104 silly addNameRange     '0.3.0-wip2',
104 silly addNameRange     '0.3.0',
104 silly addNameRange     '0.3.1',
104 silly addNameRange     '0.3.2',
104 silly addNameRange     '0.4.0',
104 silly addNameRange     '0.4.1',
104 silly addNameRange     '0.4.2',
104 silly addNameRange     '0.4.3',
104 silly addNameRange     '0.4.4',
104 silly addNameRange     '0.5.0',
104 silly addNameRange     '0.5.1',
104 silly addNameRange     '0.5.2',
104 silly addNameRange     '0.6.0',
104 silly addNameRange     '0.7.0',
104 silly addNameRange     '0.7.1',
104 silly addNameRange     '0.8.0',
104 silly addNameRange     '1.0.0',
104 silly addNameRange     '1.1.0',
104 silly addNameRange     '1.1.1',
104 silly addNameRange     '1.1.2',
104 silly addNameRange     '1.2.0',
104 silly addNameRange     '1.3.0',
104 silly addNameRange     '1.4.0',
104 silly addNameRange     '1.4.1',
104 silly addNameRange     '1.5.0',
104 silly addNameRange     '1.4.2',
104 silly addNameRange     '1.4.3',
104 silly addNameRange     '1.5.1',
104 silly addNameRange     '1.5.2',
104 silly addNameRange     '1.6.0',
104 silly addNameRange     '1.5.3',
104 silly addNameRange     '1.6.1',
104 silly addNameRange     '1.6.2',
104 silly addNameRange     '1.7.0',
104 silly addNameRange     '1.8.0',
104 silly addNameRange     '1.8.1',
104 silly addNameRange     '1.8.2',
104 silly addNameRange     '1.8.3',
104 silly addNameRange     '1.8.4',
104 silly addNameRange     '1.9.0',
104 silly addNameRange     '2.0.0',
104 silly addNameRange     '2.0.1',
104 silly addNameRange     '2.0.2',
104 silly addNameRange     '2.0.3',
104 silly addNameRange     '2.0.4',
104 silly addNameRange     '2.0.5',
104 silly addNameRange     '2.0.6',
104 silly addNameRange     '2.0.7',
104 silly addNameRange     '2.0.8',
104 silly addNameRange     '2.0.9',
104 silly addNameRange     '2.1.0',
104 silly addNameRange     '2.2.0' ] ]
105 silly addNamed nan@2.2.0
106 verbose addNamed "2.2.0" is a plain semver version for nan
107 silly cache afterAdd nan@2.2.0
108 verbose afterAdd C:\Users\Schmillen\AppData\Roaming\npm-cache\nan\2.2.0\package\package.json not in flight; writing
109 verbose afterAdd C:\Users\Schmillen\AppData\Roaming\npm-cache\nan\2.2.0\package\package.json written
110 silly install resolved [ { name: 'nan',
110 silly install resolved     version: '2.2.0',
110 silly install resolved     description: 'Native Abstractions for Node.js: C++ header for Node 0.8 -> 4 compatibility',
110 silly install resolved     main: 'include_dirs.js',
110 silly install resolved     repository: { type: 'git', url: 'git://github.com/nodejs/nan.git' },
110 silly install resolved     scripts:
110 silly install resolved      { test: 'tap --gc test/js/*-test.js',
110 silly install resolved        'rebuild-tests': 'node-gyp rebuild --msvs_version=2013 --directory test',
110 silly install resolved        docs: 'doc/.build.sh' },
110 silly install resolved     contributors:
110 silly install resolved      [ [Object],
110 silly install resolved        [Object],
110 silly install resolved        [Object],
110 silly install resolved        [Object],
110 silly install resolved        [Object],
110 silly install resolved        [Object],
110 silly install resolved        [Object] ],
110 silly install resolved     devDependencies:
110 silly install resolved      { bindings: '~1.2.1',
110 silly install resolved        commander: '^2.8.1',
110 silly install resolved        glob: '^5.0.14',
110 silly install resolved        'node-gyp': '~3.0.1',
110 silly install resolved        tap: '~0.7.1',
110 silly install resolved        xtend: '~4.0.0' },
110 silly install resolved     license: 'MIT',
110 silly install resolved     bugs: { url: 'https://github.com/nodejs/nan/issues' },
110 silly install resolved     homepage: 'https://github.com/nodejs/nan#readme',
110 silly install resolved     _id: 'nan@2.2.0',
110 silly install resolved     _shasum: '779c07135629503cf6a7b7e6aab33049b3c3853c',
110 silly install resolved     _resolved: 'https://registry.npmjs.org/nan/-/nan-2.2.0.tgz',
110 silly install resolved     _from: 'nan@>=2.0.0',
110 silly install resolved     _npmVersion: '3.3.6',
110 silly install resolved     _nodeVersion: '5.0.0',
110 silly install resolved     _npmUser: { name: 'kkoopa', email: 'bbyholm@abo.fi' },
110 silly install resolved     dist:
110 silly install resolved      { shasum: '779c07135629503cf6a7b7e6aab33049b3c3853c',
110 silly install resolved        tarball: 'http://registry.npmjs.org/nan/-/nan-2.2.0.tgz' },
110 silly install resolved     maintainers: [ [Object], [Object] ],
110 silly install resolved     directories: {},
110 silly install resolved     readme: 'ERROR: No README data found!' } ]
111 info install nan@2.2.0 into C:\quiz\node_modules\sleep
112 info installOne nan@2.2.0
113 verbose installOne of nan to C:\quiz\node_modules\sleep not in flight; installing
114 verbose lock using C:\Users\Schmillen\AppData\Roaming\npm-cache\_locks\nan-e2acc5902dc6d9ea.lock for C:\quiz\node_modules\sleep\node_modules\nan
115 silly install write writing nan 2.2.0 to C:\quiz\node_modules\sleep\node_modules\nan
116 verbose unbuild node_modules\sleep\node_modules\nan
117 silly gentlyRm C:\quiz\node_modules\sleep\node_modules\nan is being purged from base C:\quiz
118 verbose gentlyRm don't care about contents; nuking C:\quiz\node_modules\sleep\node_modules\nan
119 verbose tar unpack C:\Users\Schmillen\AppData\Roaming\npm-cache\nan\2.2.0\package.tgz
120 verbose tar unpacking to C:\quiz\node_modules\sleep\node_modules\nan
121 silly gentlyRm C:\quiz\node_modules\sleep\node_modules\nan is being purged
122 verbose gentlyRm don't care about contents; nuking C:\quiz\node_modules\sleep\node_modules\nan
123 silly gunzTarPerm modes [ '777', '666' ]
124 silly gunzTarPerm extractEntry package.json
125 silly gunzTarPerm modified mode [ 'package.json', 436, 438 ]
126 silly gunzTarPerm extractEntry README.md
127 silly gunzTarPerm modified mode [ 'README.md', 436, 438 ]
128 silly gunzTarPerm extractEntry include_dirs.js
129 silly gunzTarPerm modified mode [ 'include_dirs.js', 436, 438 ]
130 silly gunzTarPerm extractEntry nan_converters.h
131 silly gunzTarPerm modified mode [ 'nan_converters.h', 436, 438 ]
132 silly gunzTarPerm extractEntry LICENSE.md
133 silly gunzTarPerm modified mode [ 'LICENSE.md', 436, 438 ]
134 silly gunzTarPerm extractEntry .dntrc
135 silly gunzTarPerm modified mode [ '.dntrc', 436, 438 ]
136 silly gunzTarPerm extractEntry appveyor.yml
137 silly gunzTarPerm modified mode [ 'appveyor.yml', 436, 438 ]
138 silly gunzTarPerm extractEntry doc/new.md
139 silly gunzTarPerm modified mode [ 'doc/new.md', 436, 438 ]
140 silly gunzTarPerm extractEntry doc/.build.sh
141 silly gunzTarPerm modified mode [ 'doc/.build.sh', 509, 511 ]
142 silly gunzTarPerm extractEntry doc/buffers.md
143 silly gunzTarPerm modified mode [ 'doc/buffers.md', 436, 438 ]
144 silly gunzTarPerm extractEntry doc/callback.md
145 silly gunzTarPerm modified mode [ 'doc/callback.md', 436, 438 ]
146 silly gunzTarPerm extractEntry doc/converters.md
147 silly gunzTarPerm modified mode [ 'doc/converters.md', 436, 438 ]
148 silly gunzTarPerm extractEntry doc/errors.md
149 silly gunzTarPerm modified mode [ 'doc/errors.md', 436, 438 ]
150 silly gunzTarPerm extractEntry doc/maybe_types.md
151 silly gunzTarPerm modified mode [ 'doc/maybe_types.md', 436, 438 ]
152 silly gunzTarPerm extractEntry doc/methods.md
153 silly gunzTarPerm modified mode [ 'doc/methods.md', 436, 438 ]
154 silly gunzTarPerm extractEntry doc/asyncworker.md
155 silly gunzTarPerm modified mode [ 'doc/asyncworker.md', 436, 438 ]
156 silly gunzTarPerm extractEntry doc/node_misc.md
157 silly gunzTarPerm modified mode [ 'doc/node_misc.md', 436, 438 ]
158 silly gunzTarPerm extractEntry doc/object_wrappers.md
159 silly gunzTarPerm modified mode [ 'doc/object_wrappers.md', 436, 438 ]
160 silly gunzTarPerm extractEntry doc/persistent.md
161 silly gunzTarPerm modified mode [ 'doc/persistent.md', 436, 438 ]
162 silly gunzTarPerm extractEntry doc/scopes.md
163 silly gunzTarPerm modified mode [ 'doc/scopes.md', 436, 438 ]
164 silly gunzTarPerm extractEntry doc/script.md
165 silly gunzTarPerm modified mode [ 'doc/script.md', 436, 438 ]
166 silly gunzTarPerm extractEntry doc/string_bytes.md
167 silly gunzTarPerm modified mode [ 'doc/string_bytes.md', 436, 438 ]
168 silly gunzTarPerm extractEntry doc/v8_internals.md
169 silly gunzTarPerm modified mode [ 'doc/v8_internals.md', 436, 438 ]
170 silly gunzTarPerm extractEntry doc/v8_misc.md
171 silly gunzTarPerm modified mode [ 'doc/v8_misc.md', 436, 438 ]
172 silly gunzTarPerm extractEntry nan.h
173 silly gunzTarPerm modified mode [ 'nan.h', 436, 438 ]
174 silly gunzTarPerm extractEntry nan_callbacks.h
175 silly gunzTarPerm modified mode [ 'nan_callbacks.h', 436, 438 ]
176 silly gunzTarPerm extractEntry nan_callbacks_12_inl.h
177 silly gunzTarPerm modified mode [ 'nan_callbacks_12_inl.h', 436, 438 ]
178 silly gunzTarPerm extractEntry nan_callbacks_pre_12_inl.h
179 silly gunzTarPerm modified mode [ 'nan_callbacks_pre_12_inl.h', 436, 438 ]
180 silly gunzTarPerm extractEntry nan_converters_43_inl.h
181 silly gunzTarPerm modified mode [ 'nan_converters_43_inl.h', 436, 438 ]
182 silly gunzTarPerm extractEntry nan_converters_pre_43_inl.h
183 silly gunzTarPerm modified mode [ 'nan_converters_pre_43_inl.h', 436, 438 ]
184 silly gunzTarPerm extractEntry nan_implementation_12_inl.h
185 silly gunzTarPerm modified mode [ 'nan_implementation_12_inl.h', 436, 438 ]
186 silly gunzTarPerm extractEntry nan_implementation_pre_12_inl.h
187 silly gunzTarPerm modified mode [ 'nan_implementation_pre_12_inl.h', 436, 438 ]
188 silly gunzTarPerm extractEntry nan_maybe_43_inl.h
189 silly gunzTarPerm modified mode [ 'nan_maybe_43_inl.h', 436, 438 ]
190 silly gunzTarPerm extractEntry nan_maybe_pre_43_inl.h
191 silly gunzTarPerm modified mode [ 'nan_maybe_pre_43_inl.h', 436, 438 ]
192 silly gunzTarPerm extractEntry nan_new.h
193 silly gunzTarPerm modified mode [ 'nan_new.h', 436, 438 ]
194 silly gunzTarPerm extractEntry nan_object_wrap.h
195 silly gunzTarPerm modified mode [ 'nan_object_wrap.h', 436, 438 ]
196 silly gunzTarPerm extractEntry nan_persistent_12_inl.h
197 silly gunzTarPerm modified mode [ 'nan_persistent_12_inl.h', 436, 438 ]
198 silly gunzTarPerm extractEntry nan_persistent_pre_12_inl.h
199 silly gunzTarPerm modified mode [ 'nan_persistent_pre_12_inl.h', 436, 438 ]
200 silly gunzTarPerm extractEntry nan_string_bytes.h
201 silly gunzTarPerm modified mode [ 'nan_string_bytes.h', 436, 438 ]
202 silly gunzTarPerm extractEntry nan_typedarray_contents.h
203 silly gunzTarPerm modified mode [ 'nan_typedarray_contents.h', 436, 438 ]
204 silly gunzTarPerm extractEntry nan_weak.h
205 silly gunzTarPerm modified mode [ 'nan_weak.h', 436, 438 ]
206 silly gunzTarPerm extractEntry CHANGELOG.md
207 silly gunzTarPerm modified mode [ 'CHANGELOG.md', 436, 438 ]
208 silly gunzTarPerm extractEntry tools/package.json
209 silly gunzTarPerm modified mode [ 'tools/package.json', 436, 438 ]
210 silly gunzTarPerm extractEntry tools/README.md
211 silly gunzTarPerm modified mode [ 'tools/README.md', 436, 438 ]
212 silly gunzTarPerm extractEntry tools/1to2.js
213 silly gunzTarPerm modified mode [ 'tools/1to2.js', 509, 511 ]
214 verbose write writing to C:\quiz\node_modules\sleep\node_modules\nan\package.json
215 info preinstall nan@2.2.0
216 verbose readDependencies loading dependencies from C:\quiz\node_modules\sleep\node_modules\nan\package.json
217 verbose readDependencies loading dependencies from C:\quiz\node_modules\sleep\node_modules\nan\package.json
218 silly install resolved []
219 verbose about to build C:\quiz\node_modules\sleep\node_modules\nan
220 info build C:\quiz\node_modules\sleep\node_modules\nan
221 info linkStuff nan@2.2.0
222 silly linkStuff nan@2.2.0 has C:\quiz\node_modules\sleep\node_modules as its parent node_modules
223 verbose linkBins nan@2.2.0
224 verbose linkMans nan@2.2.0
225 verbose rebuildBundles nan@2.2.0
226 info install nan@2.2.0
227 info postinstall nan@2.2.0
228 verbose unlock done using C:\Users\Schmillen\AppData\Roaming\npm-cache\_locks\nan-e2acc5902dc6d9ea.lock for C:\quiz\node_modules\sleep\node_modules\nan
229 verbose about to build C:\quiz\node_modules\sleep
230 info build C:\quiz\node_modules\sleep
231 info linkStuff sleep@3.0.1
232 silly linkStuff sleep@3.0.1 has C:\quiz\node_modules as its parent node_modules
233 verbose linkBins sleep@3.0.1
234 verbose linkMans sleep@3.0.1
235 verbose rebuildBundles sleep@3.0.1
236 verbose rebuildBundles [ 'nan' ]
237 info install sleep@3.0.1
238 verbose unsafe-perm in lifecycle true
239 info sleep@3.0.1 Failed to exec install script
240 verbose unlock done using C:\Users\Schmillen\AppData\Roaming\npm-cache\_locks\sleep-8d97569fe03292d3.lock for C:\quiz\node_modules\sleep
241 verbose stack Error: sleep@3.0.1 install: `node-gyp rebuild`
241 verbose stack Exit status 1
241 verbose stack     at EventEmitter.<anonymous> (C:\nodejs\node_modules\npm\lib\utils\lifecycle.js:214:16)
241 verbose stack     at emitTwo (events.js:87:13)
241 verbose stack     at EventEmitter.emit (events.js:172:7)
241 verbose stack     at ChildProcess.<anonymous> (C:\nodejs\node_modules\npm\lib\utils\spawn.js:24:14)
241 verbose stack     at emitTwo (events.js:87:13)
241 verbose stack     at ChildProcess.emit (events.js:172:7)
241 verbose stack     at maybeClose (internal/child_process.js:821:16)
241 verbose stack     at Process.ChildProcess._handle.onexit (internal/child_process.js:211:5)
242 verbose pkgid sleep@3.0.1
243 verbose cwd C:\quiz
244 error Windows_NT 6.1.7601
245 error argv "C:\\nodejs\\node.exe" "C:\\nodejs\\node_modules\\npm\\bin\\npm-cli.js" "install" "sleep"
246 error node v4.3.1
247 error npm  v2.14.12
248 error code ELIFECYCLE
249 error sleep@3.0.1 install: `node-gyp rebuild`
249 error Exit status 1
250 error Failed at the sleep@3.0.1 install script 'node-gyp rebuild'.
250 error This is most likely a problem with the sleep package,
250 error not with npm itself.
250 error Tell the author that this fails on your system:
250 error     node-gyp rebuild
250 error You can get their info via:
250 error     npm owner ls sleep
250 error There is likely additional logging output above.
251 verbose exit [ 1, true ]
252 verbose unbuild node_modules\sleep
253 info preuninstall sleep@3.0.1
254 info uninstall sleep@3.0.1
255 verbose unbuild rmStuff sleep@3.0.1 from C:\quiz\node_modules
256 info postuninstall sleep@3.0.1
257 silly gentlyRm C:\quiz\node_modules\sleep is being purged from base C:\quiz
258 verbose gentlyRm don't care about contents; nuking C:\quiz\node_modules\sleep
259 silly vacuum-fs purging C:\quiz\node_modules\sleep
260 silly vacuum-fs quitting because other entries in C:\quiz\node_modules
